[runtime-proof] PHP syntax check started.
No syntax errors detected in D:\PhpstormProjects\www\Managing\.php-cs-fixer.php
No syntax errors detected in D:\PhpstormProjects\www\Managing\src\ManagingBundle.php
No syntax errors detected in D:\PhpstormProjects\www\Managing\src\Controller\Admin\ManageDashboardController.php
No syntax errors detected in D:\PhpstormProjects\www\Managing\src\Controller\Crud\AbstractManageContentCrudController.php
No syntax errors detected in D:\PhpstormProjects\www\Managing\src\Controller\Crud\ManageAttachmentIdentifierMigrationTrait.php
No syntax errors detected in D:\PhpstormProjects\www\Managing\src\Controller\Crud\ManageCrudControllerCustomizationTrait.php
No syntax errors detected in D:\PhpstormProjects\www\Managing\src\Controller\Crud\ManageCrudControllerRuntime.php
No syntax errors detected in D:\PhpstormProjects\www\Managing\src\Controller\Crud\ManageCrudControllerRuntimeInjectionTrait.php
No syntax errors detected in D:\PhpstormProjects\www\Managing\src\Controller\Crud\ManageCrudControllerSurfaceTrait.php
No syntax errors detected in D:\PhpstormProjects\www\Managing\src\Controller\Crud\Generated\AnalysingCrudController.php
No syntax errors detected in D:\PhpstormProjects\www\Managing\src\Controller\Crud\Generated\ApplicatingCrudController.php
No syntax errors detected in D:\PhpstormProjects\www\Managing\src\Controller\Crud\Generated\AttachingCrudController.php
No syntax errors detected in D:\PhpstormProjects\www\Managing\src\Controller\Crud\Generated\BillingCrudController.php
No syntax errors detected in D:\PhpstormProjects\www\Managing\src\Controller\Crud\Generated\CatalogingCrudController.php
No syntax errors detected in D:\PhpstormProjects\www\Managing\src\Controller\Crud\Generated\CommissioningCrudController.php
No syntax errors detected in D:\PhpstormProjects\www\Managing\src\Controller\Crud\Generated\CurrencingCrudController.php
No syntax errors detected in D:\PhpstormProjects\www\Managing\src\Controller\Crud\Generated\ExchangingCrudController.php
No syntax errors detected in D:\PhpstormProjects\www\Managing\src\Controller\Crud\Generated\LocalizingCrudController.php
No syntax errors detected in D:\PhpstormProjects\www\Managing\src\Controller\Crud\Generated\MessagingCrudController.php
No syntax errors detected in D:\PhpstormProjects\www\Managing\src\Controller\Crud\Generated\OrderingCrudController.php
No syntax errors detected in D:\PhpstormProjects\www\Managing\src\Controller\Crud\Generated\PagingCrudController.php
No syntax errors detected in D:\PhpstormProjects\www\Managing\src\Controller\Crud\Generated\PayingCrudController.php
No syntax errors detected in D:\PhpstormProjects\www\Managing\src\Controller\Crud\Generated\SubscriptingCrudController.php
No syntax errors detected in D:\PhpstormProjects\www\Managing\src\Controller\Crud\Generated\TaggingCrudController.php
No syntax errors detected in D:\PhpstormProjects\www\Managing\src\Controller\Crud\Generated\TaxatingCrudController.php
No syntax errors detected in D:\PhpstormProjects\www\Managing\src\Controller\Crud\Generated\VendoringCrudController.php
No syntax errors detected in D:\PhpstormProjects\www\Managing\src\DependencyInjection\Configuration.php
No syntax errors detected in D:\PhpstormProjects\www\Managing\src\DependencyInjection\ManagingConfigurationDefaults.php
No syntax errors detected in D:\PhpstormProjects\www\Managing\src\DependencyInjection\ManagingConfigurationNodeBuilder.php
No syntax errors detected in D:\PhpstormProjects\www\Managing\src\DependencyInjection\ManagingCrudBehaviorConfigurationDefaults.php
No syntax errors detected in D:\PhpstormProjects\www\Managing\src\DependencyInjection\ManagingCrudConfigurationDefaults.php
No syntax errors detected in D:\PhpstormProjects\www\Managing\src\DependencyInjection\ManagingCrudFieldConfigurationDefaults.php
No syntax errors detected in D:\PhpstormProjects\www\Managing\src\DependencyInjection\ManagingCrudResourceConfigurationDefaults.php
No syntax errors detected in D:\PhpstormProjects\www\Managing\src\DependencyInjection\ManagingExtension.php
No syntax errors detected in D:\PhpstormProjects\www\Managing\src\DependencyInjection\ManagingHostConfigurationDefaults.php
No syntax errors detected in D:\PhpstormProjects\www\Managing\src\DependencyInjection\ManagingMenuConfigurationDefaults.php
No syntax errors detected in D:\PhpstormProjects\www\Managing\src\DependencyInjection\ManagingParameterLoader.php
No syntax errors detected in D:\PhpstormProjects\www\Managing\src\DependencyInjection\Compiler\ManageProviderPass.php
No syntax errors detected in D:\PhpstormProjects\www\Managing\src\Service\Admin\AttachmentIdentifierMigrationCopySql.php
No syntax errors detected in D:\PhpstormProjects\www\Managing\src\Service\Admin\AttachmentIdentifierMigrationDataSql.php
No syntax errors detected in D:\PhpstormProjects\www\Managing\src\Service\Admin\AttachmentIdentifierMigrationMapSql.php
No syntax errors detected in D:\PhpstormProjects\www\Managing\src\Service\Admin\AttachmentIdentifierMigrationMarker.php
No syntax errors detected in D:\PhpstormProjects\www\Managing\src\Service\Admin\AttachmentIdentifierMigrationMetadataSql.php
No syntax errors detected in D:\PhpstormProjects\www\Managing\src\Service\Admin\AttachmentIdentifierMigrationSchemaSql.php
No syntax errors detected in D:\PhpstormProjects\www\Managing\src\Service\Admin\AttachmentIdentifierMigrationService.php
No syntax errors detected in D:\PhpstormProjects\www\Managing\src\Service\Admin\AttachmentIdentifierMigrationSql.php
No syntax errors detected in D:\PhpstormProjects\www\Managing\src\Service\Admin\ManageAdminRegistry.php
No syntax errors detected in D:\PhpstormProjects\www\Managing\src\Service\Admin\ManageAdminUserMenuBuilder.php
No syntax errors detected in D:\PhpstormProjects\www\Managing\src\Service\Admin\ManageContributionFilter.php
No syntax errors detected in D:\PhpstormProjects\www\Managing\src\Service\Admin\ManageCrudControllerGenerator.php
No syntax errors detected in D:\PhpstormProjects\www\Managing\src\Service\Admin\ManageCrudResourcePolicy.php
No syntax errors detected in D:\PhpstormProjects\www\Managing\src\Service\Admin\ManageCrudResourceScorer.php
No syntax errors detected in D:\PhpstormProjects\www\Managing\src\Service\Admin\ManageGeneratedCrudControllerCustomizationExtractor.php
No syntax errors detected in D:\PhpstormProjects\www\Managing\src\Service\Admin\ManageGeneratedCrudControllerSourceRenderer.php
No syntax errors detected in D:\PhpstormProjects\www\Managing\src\Service\Admin\ManageGeneratedCrudControllerWriter.php
No syntax errors detected in D:\PhpstormProjects\www\Managing\src\Service\Admin\ManageHostApplicationAdminProvider.php
No syntax errors detected in D:\PhpstormProjects\www\Managing\src\Service\Admin\ManageMenuBuilder.php
No syntax errors detected in D:\PhpstormProjects\www\Managing\src\Service\Admin\Host\ManageClassNameFormatter.php
No syntax errors detected in D:\PhpstormProjects\www\Managing\src\Service\Admin\Host\ManageHostClassNameResolver.php
No syntax errors detected in D:\PhpstormProjects\www\Managing\src\Service\Admin\Host\ManageHostComposerAutoloadRootReader.php
No syntax errors detected in D:\PhpstormProjects\www\Managing\src\Service\Admin\Host\ManageHostCrudControllerResolver.php
No syntax errors detected in D:\PhpstormProjects\www\Managing\src\Service\Admin\Host\ManageHostCrudResourceCache.php
No syntax errors detected in D:\PhpstormProjects\www\Managing\src\Service\Admin\Host\ManageHostCrudResourceDiscovery.php
No syntax errors detected in D:\PhpstormProjects\www\Managing\src\Service\Admin\Host\ManageHostCrudResourceFactory.php
No syntax errors detected in D:\PhpstormProjects\www\Managing\src\Service\Admin\Host\ManageHostDoctrineEntityInspector.php
No syntax errors detected in D:\PhpstormProjects\www\Managing\src\Service\Admin\Host\ManageHostPathResolver.php
No syntax errors detected in D:\PhpstormProjects\www\Managing\src\Service\Admin\Host\ManageHostPsr4RootResolver.php
No syntax errors detected in D:\PhpstormProjects\www\Managing\src\Service\Admin\Host\ManagePhpClassNameExtractor.php
No syntax errors detected in D:\PhpstormProjects\www\Managing\src\Service\Crud\ManageAssociationLabelResolver.php
No syntax errors detected in D:\PhpstormProjects\www\Managing\src\Service\Crud\ManageBackedEnumChoiceBuilder.php
No syntax errors detected in D:\PhpstormProjects\www\Managing\src\Service\Crud\ManageConstructorArgumentResolver.php
No syntax errors detected in D:\PhpstormProjects\www\Managing\src\Service\Crud\ManageCrudActionConfigurator.php
No syntax errors detected in D:\PhpstormProjects\www\Managing\src\Service\Crud\ManageCrudActionUrlBuilder.php
No syntax errors detected in D:\PhpstormProjects\www\Managing\src\Service\Crud\ManageCrudBehaviorPolicy.php
No syntax errors detected in D:\PhpstormProjects\www\Managing\src\Service\Crud\ManageCrudEntitySurfaceResolver.php
No syntax errors detected in D:\PhpstormProjects\www\Managing\src\Service\Crud\ManageCrudFieldFactory.php
No syntax errors detected in D:\PhpstormProjects\www\Managing\src\Service\Crud\ManageCrudFieldLabeler.php
No syntax errors detected in D:\PhpstormProjects\www\Managing\src\Service\Crud\ManageCrudFieldPolicy.php
No syntax errors detected in D:\PhpstormProjects\www\Managing\src\Service\Crud\ManageCrudFieldTypeOverridePolicy.php
No syntax errors detected in D:\PhpstormProjects\www\Managing\src\Service\Crud\ManageCrudFilterConfigurator.php
No syntax errors detected in D:\PhpstormProjects\www\Managing\src\Service\Crud\ManageCrudFormFieldDiscovery.php
No syntax errors detected in D:\PhpstormProjects\www\Managing\src\Service\Crud\ManageCrudPageConfigurator.php
No syntax errors detected in D:\PhpstormProjects\www\Managing\src\Service\Crud\ManageCrudPublicationWorkflow.php
No syntax errors detected in D:\PhpstormProjects\www\Managing\src\Service\Crud\ManageCrudResourceRegistry.php
No syntax errors detected in D:\PhpstormProjects\www\Managing\src\Service\Crud\ManageEasyAdminArrayChoiceFieldFactory.php
No syntax errors detected in D:\PhpstormProjects\www\Managing\src\Service\Crud\ManageEasyAdminAssociationFieldFactory.php
No syntax errors detected in D:\PhpstormProjects\www\Managing\src\Service\Crud\ManageEasyAdminFieldBuilder.php
No syntax errors detected in D:\PhpstormProjects\www\Managing\src\Service\Crud\ManageEasyAdminScalarFieldFactory.php
No syntax errors detected in D:\PhpstormProjects\www\Managing\src\Service\Crud\ManageEntityFieldAccessor.php
No syntax errors detected in D:\PhpstormProjects\www\Managing\src\Service\Crud\ManageEntityInstantiator.php
No syntax errors detected in D:\PhpstormProjects\www\Managing\src\Service\Crud\ManageEntityMetadataInspector.php
No syntax errors detected in D:\PhpstormProjects\www\Managing\src\Service\Crud\ManageEntityReflectionInspector.php
No syntax errors detected in D:\PhpstormProjects\www\Managing\src\Service\Crud\ManageEntityStringifier.php
No syntax errors detected in D:\PhpstormProjects\www\Managing\src\Service\Crud\ManagePublicationFieldStateAccessor.php
No syntax errors detected in D:\PhpstormProjects\www\Managing\src\Service\Crud\ManagePublicationStateHandler.php
No syntax errors detected in D:\PhpstormProjects\www\Managing\src\Service\Filesystem\ManageFilesystemPathNormalizer.php
No syntax errors detected in D:\PhpstormProjects\www\Managing\src\Service\Policy\ManagePolicyValueNormalizer.php
No syntax errors detected in D:\PhpstormProjects\www\Managing\src\ServiceInterface\Admin\ManageAdminProviderInterface.php
No syntax errors detected in D:\PhpstormProjects\www\Managing\src\ServiceInterface\Admin\ManageAdminRegistryInterface.php
No syntax errors detected in D:\PhpstormProjects\www\Managing\src\ServiceInterface\Admin\ManageAdminUserMenuBuilderInterface.php
No syntax errors detected in D:\PhpstormProjects\www\Managing\src\ServiceInterface\Admin\ManageContributionFilterInterface.php
No syntax errors detected in D:\PhpstormProjects\www\Managing\src\ServiceInterface\Admin\ManageMenuBuilderInterface.php
No syntax errors detected in D:\PhpstormProjects\www\Managing\src\ServiceInterface\Crud\ManageCrudActionUrlBuilderInterface.php
No syntax errors detected in D:\PhpstormProjects\www\Managing\src\ServiceInterface\Crud\ManageCrudResourceRegistryInterface.php
No syntax errors detected in D:\PhpstormProjects\www\Managing\src\Value\ManageComponentDefinition.php
No syntax errors detected in D:\PhpstormProjects\www\Managing\src\Value\ManageCrudResourceDefinition.php
No syntax errors detected in D:\PhpstormProjects\www\Managing\tests\Architecture\ManageCanonTest.php
No syntax errors detected in D:\PhpstormProjects\www\Managing\tests\Architecture\ManageRcCleanArchitectureTest.php
No syntax errors detected in D:\PhpstormProjects\www\Managing\tests\Unit\Admin\AttachmentIdentifierMigrationSqlSplitTest.php
No syntax errors detected in D:\PhpstormProjects\www\Managing\tests\Unit\Admin\AttachmentIdentifierMigrationSupportTest.php
No syntax errors detected in D:\PhpstormProjects\www\Managing\tests\Unit\Admin\ManageCrudResourcePolicyTest.php
No syntax errors detected in D:\PhpstormProjects\www\Managing\tests\Unit\Admin\ManageCrudResourceScorerTest.php
No syntax errors detected in D:\PhpstormProjects\www\Managing\tests\Unit\Admin\ManageGeneratedCrudControllerCustomizationExtractorTest.php
No syntax errors detected in D:\PhpstormProjects\www\Managing\tests\Unit\Admin\ManageGeneratedCrudControllerSourceRendererTest.php
No syntax errors detected in D:\PhpstormProjects\www\Managing\tests\Unit\Admin\ManageGeneratedCrudControllerWriterTest.php
No syntax errors detected in D:\PhpstormProjects\www\Managing\tests\Unit\Admin\ManageHostClassNameFormattingSplitTest.php
No syntax errors detected in D:\PhpstormProjects\www\Managing\tests\Unit\Admin\ManageHostClassNameResolverTest.php
No syntax errors detected in D:\PhpstormProjects\www\Managing\tests\Unit\Admin\ManageHostComposerAutoloadRootReaderTest.php
No syntax errors detected in D:\PhpstormProjects\www\Managing\tests\Unit\Admin\ManageHostCrudResourceDiscoveryTest.php
No syntax errors detected in D:\PhpstormProjects\www\Managing\tests\Unit\Admin\ManageHostPsr4RootResolverTest.php
No syntax errors detected in D:\PhpstormProjects\www\Managing\tests\Unit\Admin\ManageMenuBuilderTest.php
No syntax errors detected in D:\PhpstormProjects\www\Managing\tests\Unit\Crud\ManageBackedEnumChoiceBuilderTest.php
No syntax errors detected in D:\PhpstormProjects\www\Managing\tests\Unit\Crud\ManageConstructorArgumentResolverTest.php
No syntax errors detected in D:\PhpstormProjects\www\Managing\tests\Unit\Crud\ManageCrudBehaviorPolicyTest.php
No syntax errors detected in D:\PhpstormProjects\www\Managing\tests\Unit\Crud\ManageCrudControllerCustomizationTraitTest.php
No syntax errors detected in D:\PhpstormProjects\www\Managing\tests\Unit\Crud\ManageCrudControllerRuntimeInjectionTraitTest.php
No syntax errors detected in D:\PhpstormProjects\www\Managing\tests\Unit\Crud\ManageCrudControllerRuntimeTest.php
No syntax errors detected in D:\PhpstormProjects\www\Managing\tests\Unit\Crud\ManageCrudCreateEntityTest.php
No syntax errors detected in D:\PhpstormProjects\www\Managing\tests\Unit\Crud\ManageCrudEntitySurfaceResolverTest.php
No syntax errors detected in D:\PhpstormProjects\www\Managing\tests\Unit\Crud\ManageCrudFieldLabelerTest.php
No syntax errors detected in D:\PhpstormProjects\www\Managing\tests\Unit\Crud\ManageCrudFieldPolicyTest.php
No syntax errors detected in D:\PhpstormProjects\www\Managing\tests\Unit\Crud\ManageCrudFieldTypeOverridePolicyTest.php
No syntax errors detected in D:\PhpstormProjects\www\Managing\tests\Unit\Crud\ManageCrudFormFieldDiscoveryTest.php
No syntax errors detected in D:\PhpstormProjects\www\Managing\tests\Unit\Crud\ManageCrudPageConfiguratorTest.php
No syntax errors detected in D:\PhpstormProjects\www\Managing\tests\Unit\Crud\ManageCrudPublicationWorkflowTest.php
No syntax errors detected in D:\PhpstormProjects\www\Managing\tests\Unit\Crud\ManageEasyAdminSpecialFieldFactoriesTest.php
No syntax errors detected in D:\PhpstormProjects\www\Managing\tests\Unit\Crud\ManageEntityReflectionInspectorSplitTest.php
No syntax errors detected in D:\PhpstormProjects\www\Managing\tests\Unit\Crud\ManagePublicationFieldStateAccessorTest.php
No syntax errors detected in D:\PhpstormProjects\www\Managing\tests\Unit\DependencyInjection\ManagingConfigurationDefaultsTest.php
No syntax errors detected in D:\PhpstormProjects\www\Managing\tests\Unit\DependencyInjection\ManagingConfigurationNodeBuilderTest.php
No syntax errors detected in D:\PhpstormProjects\www\Managing\tests\Unit\DependencyInjection\ManagingCrudConfigurationDefaultsSplitTest.php
No syntax errors detected in D:\PhpstormProjects\www\Managing\tests\Unit\DependencyInjection\ManagingParameterLoaderTest.php
No syntax errors detected in D:\PhpstormProjects\www\Managing\tests\Unit\Filesystem\ManageFilesystemPathNormalizerTest.php
No syntax errors detected in D:\PhpstormProjects\www\Managing\tests\Unit\Policy\ManagePolicyValueNormalizerTest.php
No syntax errors detected in D:\PhpstormProjects\www\Managing\tools\manage-canon-guard.php
No syntax errors detected in D:\PhpstormProjects\www\Managing\tools\runtime\assert-rc-runtime-proof.php
No syntax errors detected in D:\PhpstormProjects\www\Managing\tools\runtime\write-rc-runtime-proof-intake.php
No syntax errors detected in D:\PhpstormProjects\www\Managing\var\backup\managing_rc_clean_wave11_20260519_215822\src\DependencyInjection\Configuration.php
No syntax errors detected in D:\PhpstormProjects\www\Managing\var\backup\managing_rc_clean_wave11_20260519_215822\src\DependencyInjection\ManagingExtension.php
No syntax errors detected in D:\PhpstormProjects\www\Managing\var\backup\managing_rc_clean_wave11_20260519_215822\src\Service\Admin\ManageCrudResourcePolicy.php
No syntax errors detected in D:\PhpstormProjects\www\Managing\var\backup\managing_rc_clean_wave11_20260519_215822\src\Service\Admin\ManageHostApplicationAdminProvider.php
No syntax errors detected in D:\PhpstormProjects\www\Managing\var\backup\managing_rc_clean_wave11_20260519_215822\src\Service\Admin\Host\ManageHostClassNameResolver.php
No syntax errors detected in D:\PhpstormProjects\www\Managing\var\backup\managing_rc_clean_wave11_20260519_215822\tests\Unit\Admin\ManageCrudResourcePolicyTest.php
No syntax errors detected in D:\PhpstormProjects\www\Managing\var\backup\managing_rc_clean_wave15_20260519_233648\src\Controller\Crud\AbstractManageContentCrudController.php
No syntax errors detected in D:\PhpstormProjects\www\Managing\var\backup\managing_rc_clean_wave16_20260519_234406\src\Service\Admin\ManageCrudResourcePolicy.php
No syntax errors detected in D:\PhpstormProjects\www\Managing\var\backup\managing_rc_clean_wave16_20260519_234406\src\Service\Crud\ManageCrudBehaviorPolicy.php
No syntax errors detected in D:\PhpstormProjects\www\Managing\var\backup\managing_rc_clean_wave16_20260519_234406\src\Service\Crud\ManageCrudFieldPolicy.php
No syntax errors detected in D:\PhpstormProjects\www\Managing\var\backup\managing_rc_clean_wave18_20260520_114054\src\Controller\Crud\AbstractManageContentCrudController.php
No syntax errors detected in D:\PhpstormProjects\www\Managing\var\backup\managing_rc_clean_wave34_20260520_184003\src\Service\Admin\AttachmentIdentifierMigrationDataSql.php
No syntax errors detected in D:\PhpstormProjects\www\Managing\var\backup\managing_rc_clean_wave34_20260520_184003\tests\Unit\Admin\AttachmentIdentifierMigrationSqlSplitTest.php
No syntax errors detected in D:\PhpstormProjects\www\Managing\var\backup\managing_rc_clean_wave35_20260520_184806\src\Service\Admin\ManageCrudResourcePolicy.php
No syntax errors detected in D:\PhpstormProjects\www\Managing\var\backups\managing_rc_clean_wave12_20260519_220407\src\Service\Admin\Host\ManageHostPathResolver.php
No syntax errors detected in D:\PhpstormProjects\www\Managing\var\backups\managing_rc_clean_wave12_20260519_230652\src\Service\Admin\Host\ManageHostPathResolver.php
No syntax errors detected in D:\PhpstormProjects\www\Managing\var\backups\managing_rc_clean_wave12_20260519_230652\src\Service\Admin\Host\ManageHostPsr4RootResolver.php
No syntax errors detected in D:\PhpstormProjects\www\Managing\var\backups\managing_rc_clean_wave12_20260519_230652\tests\Unit\Admin\ManageHostPsr4RootResolverTest.php
No syntax errors detected in D:\PhpstormProjects\www\Managing\var\backups\managing_rc_clean_wave12_20260519_231457\src\Service\Admin\Host\ManageHostPathResolver.php
No syntax errors detected in D:\PhpstormProjects\www\Managing\var\backups\managing_rc_clean_wave12_20260519_231457\src\Service\Admin\Host\ManageHostPsr4RootResolver.php
No syntax errors detected in D:\PhpstormProjects\www\Managing\var\backups\managing_rc_clean_wave12_20260519_231457\tests\Unit\Admin\ManageHostPsr4RootResolverTest.php
No syntax errors detected in D:\PhpstormProjects\www\Managing\var\backups\managing_rc_clean_wave12_20260519_231809\src\Service\Admin\Host\ManageHostPathResolver.php
No syntax errors detected in D:\PhpstormProjects\www\Managing\var\backups\managing_rc_clean_wave12_20260519_231809\src\Service\Admin\Host\ManageHostPsr4RootResolver.php
No syntax errors detected in D:\PhpstormProjects\www\Managing\var\backups\managing_rc_clean_wave12_20260519_231809\tests\Unit\Admin\ManageHostPsr4RootResolverTest.php
No syntax errors detected in D:\PhpstormProjects\www\Managing\var\patch-backup\managing_rc_clean_wave13_20260519_232046\src\Controller\Crud\AbstractManageContentCrudController.php
No syntax errors detected in D:\PhpstormProjects\www\Managing\var\patch-backup\managing_rc_clean_wave13_20260519_232435\src\Controller\Crud\AbstractManageContentCrudController.php
No syntax errors detected in D:\PhpstormProjects\www\Managing\var\patch-backup\managing_rc_clean_wave13_20260519_232435\src\Service\Crud\ManageCrudEntitySurfaceResolver.php
No syntax errors detected in D:\PhpstormProjects\www\Managing\var\patch-backup\managing_rc_clean_wave13_20260519_232435\tests\Unit\Crud\ManageCrudEntitySurfaceResolverTest.php
No syntax errors detected in D:\PhpstormProjects\www\Managing\var\patch-backups\managing_rc_clean_wave17_20260519_234631\src\Service\Admin\AttachmentIdentifierMigrationSql.php
No syntax errors detected in D:\PhpstormProjects\www\Managing\var\patch-backups\managing_rc_clean_wave17_20260520_112654\src\Service\Admin\AttachmentIdentifierMigrationDataSql.php
No syntax errors detected in D:\PhpstormProjects\www\Managing\var\patch-backups\managing_rc_clean_wave17_20260520_112654\src\Service\Admin\AttachmentIdentifierMigrationMetadataSql.php
No syntax errors detected in D:\PhpstormProjects\www\Managing\var\patch-backups\managing_rc_clean_wave17_20260520_112654\src\Service\Admin\AttachmentIdentifierMigrationSchemaSql.php
No syntax errors detected in D:\PhpstormProjects\www\Managing\var\patch-backups\managing_rc_clean_wave17_20260520_112654\src\Service\Admin\AttachmentIdentifierMigrationSql.php
No syntax errors detected in D:\PhpstormProjects\www\Managing\var\patch-backups\managing_rc_clean_wave17_20260520_112654\tests\Unit\Admin\AttachmentIdentifierMigrationSqlSplitTest.php
No syntax errors detected in D:\PhpstormProjects\www\Managing\var\patch-backups\managing_rc_clean_wave19_20260520_121327\src\Service\Crud\ManageCrudFieldPolicy.php
No syntax errors detected in D:\PhpstormProjects\www\Managing\var\patch-backups\managing_rc_clean_wave20_20260520_121633\src\DependencyInjection\Configuration.php
No syntax errors detected in D:\PhpstormProjects\www\Managing\var\patch-backups\managing_rc_clean_wave21_20260520_122723\src\DependencyInjection\ManagingConfigurationDefaults.php
No syntax errors detected in D:\PhpstormProjects\www\Managing\var\patch-backups\managing_rc_clean_wave21_20260520_122723\tests\Unit\DependencyInjection\ManagingConfigurationDefaultsTest.php
No syntax errors detected in D:\PhpstormProjects\www\Managing\var\patch-backups\managing_rc_clean_wave21_20260520_123136\src\DependencyInjection\ManagingConfigurationDefaults.php
No syntax errors detected in D:\PhpstormProjects\www\Managing\var\patch-backups\managing_rc_clean_wave21_20260520_123136\src\DependencyInjection\ManagingCrudConfigurationDefaults.php
No syntax errors detected in D:\PhpstormProjects\www\Managing\var\patch-backups\managing_rc_clean_wave21_20260520_123136\src\DependencyInjection\ManagingHostConfigurationDefaults.php
No syntax errors detected in D:\PhpstormProjects\www\Managing\var\patch-backups\managing_rc_clean_wave21_20260520_123136\src\DependencyInjection\ManagingMenuConfigurationDefaults.php
No syntax errors detected in D:\PhpstormProjects\www\Managing\var\patch-backups\managing_rc_clean_wave21_20260520_123136\tests\Unit\DependencyInjection\ManagingConfigurationDefaultsTest.php
No syntax errors detected in D:\PhpstormProjects\www\Managing\var\patch-backups\managing_rc_clean_wave22_20260520_123524\src\Service\Crud\ManageCrudFieldFactory.php
No syntax errors detected in D:\PhpstormProjects\www\Managing\var\patch-backups\managing_rc_clean_wave23_20260520_123901\src\Service\Crud\ManageEasyAdminFieldBuilder.php
No syntax errors detected in D:\PhpstormProjects\www\Managing\var\patch-backups\managing_rc_clean_wave26_20260520_131710\src\DependencyInjection\ManagingCrudConfigurationDefaults.php
No syntax errors detected in D:\PhpstormProjects\www\Managing\var\patch-backups\managing_rc_clean_wave27_20260520_170635\src\Service\Crud\ManageEntityReflectionInspector.php
No syntax errors detected in D:\PhpstormProjects\www\Managing\var\patch-backups\managing_rc_clean_wave28_20260520_171152\src\Service\Admin\ManageGeneratedCrudControllerWriter.php
No syntax errors detected in D:\PhpstormProjects\www\Managing\var\patch-backups\managing_rc_clean_wave29_20260520_171739\src\Service\Crud\ManagePublicationStateHandler.php
No syntax errors detected in D:\PhpstormProjects\www\Managing\var\patch-backups\managing_rc_clean_wave30_20260520_173341\src\Service\Admin\ManageCrudControllerGenerator.php
No syntax errors detected in D:\PhpstormProjects\www\Managing\var\patch-backups\managing_rc_clean_wave30_20260520_173341\src\Service\Admin\Host\ManageHostClassNameResolver.php
No syntax errors detected in D:\PhpstormProjects\www\Managing\var\patch-backups\managing_rc_clean_wave31_20260520_182904\src\DependencyInjection\Configuration.php
No syntax errors detected in D:\PhpstormProjects\www\Managing\var\patch-backups\managing_rc_clean_wave32_20260520_183055\src\Service\Crud\ManageEntityInstantiator.php
No syntax errors detected in D:\PhpstormProjects\www\Managing\var\patch-backups\managing_rc_clean_wave33_20260520_183708\src\Service\Admin\ManageHostApplicationAdminProvider.php
No syntax errors detected in D:\PhpstormProjects\www\Managing\var\patch-backups\managing_rc_clean_wave37_20260520_185450\src\DependencyInjection\ManagingExtension.php
No syntax errors detected in D:\PhpstormProjects\www\Managing\var\patch-backups\managing_rc_clean_wave3_20260519_193636\src\DependencyInjection\Configuration.php
No syntax errors detected in D:\PhpstormProjects\www\Managing\var\patch-backups\managing_rc_clean_wave3_20260519_193636\src\DependencyInjection\ManagingExtension.php
No syntax errors detected in D:\PhpstormProjects\www\Managing\var\patch-backups\managing_rc_clean_wave3_20260519_193636\src\Service\Admin\ManageCrudControllerGenerator.php
No syntax errors detected in D:\PhpstormProjects\www\Managing\var\patch-backups\managing_rc_clean_wave3_20260519_193636\src\Service\Admin\ManageHostApplicationAdminProvider.php
No syntax errors detected in D:\PhpstormProjects\www\Managing\var\patch-backups\managing_rc_clean_wave46_20260520_205644\src\Controller\Crud\ManageCrudControllerRuntime.php
No syntax errors detected in D:\PhpstormProjects\www\Managing\var\patch-backups\managing_rc_clean_wave46_20260520_205644\src\Service\Admin\Host\ManageHostCrudResourceDiscovery.php
No syntax errors detected in D:\PhpstormProjects\www\Managing\var\patch-backups\managing_rc_clean_wave46_20260520_205644\src\Service\Crud\ManageCrudEntitySurfaceResolver.php
No syntax errors detected in D:\PhpstormProjects\www\Managing\var\patch-backups\managing_rc_clean_wave46_20260520_205644\src\Service\Crud\ManageCrudFieldLabeler.php
No syntax errors detected in D:\PhpstormProjects\www\Managing\var\patch-backups\managing_rc_clean_wave46_20260520_205644\src\Service\Filesystem\ManageFilesystemPathNormalizer.php
No syntax errors detected in D:\PhpstormProjects\www\Managing\var\patch-backups\managing_rc_clean_wave46_20260520_205644\tests\Architecture\ManageRcCleanArchitectureTest.php
No syntax errors detected in D:\PhpstormProjects\www\Managing\var\patch-backups\managing_rc_clean_wave46_20260520_205644\tests\Unit\Crud\ManageCrudEntitySurfaceResolverTest.php
No syntax errors detected in D:\PhpstormProjects\www\Managing\var\patch-backups\managing_rc_clean_wave46_20260520_205644\tests\Unit\Crud\ManageCrudPageConfiguratorTest.php
No syntax errors detected in D:\PhpstormProjects\www\Managing\var\patch-backups\managing_rc_clean_wave46_20260520_205644\tools\manage-canon-guard.php
No syntax errors detected in D:\PhpstormProjects\www\Managing\var\patch-backups\managing_rc_clean_wave46_20260520_205644\tools\runtime\write-rc-runtime-proof-intake.php
No syntax errors detected in D:\PhpstormProjects\www\Managing\var\patch-backups\managing_rc_clean_wave47_20260520_205951\src\Service\Filesystem\ManageFilesystemPathNormalizer.php
No syntax errors detected in D:\PhpstormProjects\www\Managing\var\patch-backups\managing_rc_clean_wave47_20260520_205951\tools\manage-canon-guard.php
No syntax errors detected in D:\PhpstormProjects\www\Managing\var\patch-backups\managing_rc_clean_wave48_20260520_210250\src\Service\Filesystem\ManageFilesystemPathNormalizer.php
No syntax errors detected in D:\PhpstormProjects\www\Managing\var\patch-backups\managing_rc_clean_wave4_20260519_195047\src\Controller\Crud\AbstractManageContentCrudController.php
No syntax errors detected in D:\PhpstormProjects\www\Managing\var\patch-backups\managing_rc_clean_wave4_20260519_195047\src\DependencyInjection\Configuration.php
No syntax errors detected in D:\PhpstormProjects\www\Managing\var\patch-backups\managing_rc_clean_wave4_20260519_195047\src\DependencyInjection\ManagingExtension.php
No syntax errors detected in D:\PhpstormProjects\www\Managing\var\patch-backups\managing_rc_clean_wave4_20260519_195047\src\Service\Crud\ManageCrudFieldFactory.php
No syntax errors detected in D:\PhpstormProjects\www\Managing\var\patch-backups\managing_rc_clean_wave50_20260520_211120\tools\runtime\write-rc-runtime-proof-intake.php
PASS: PHP syntax check passed.
